  main.cpp
R:\Labs8\КГ\Lab4\Lab\Lab\Shader.h(57,40): warning C4101: 'e': unreferenced local variable
R:\Labs8\КГ\Lab4\Lab\Lab\Mesh.h(91,1): warning C4267: 'argument': conversion from 'size_t' to 'GLsizei', possible loss of data
R:\Labs8\КГ\Lab4\Lab\Lab\tbezier\tbezier.h(177,30): warning C4267: 'initializing': conversion from 'size_t' to 'int', possible loss of data
R:\Labs8\КГ\Lab4\Lab\Lab\tbezier\tbezier.h(247,30): warning C4267: 'initializing': conversion from 'size_t' to 'int', possible loss of data
R:\Labs8\КГ\Lab4\Lab\Lab\main.cpp(153,1): warning C4267: 'argument': conversion from 'size_t' to '_Ty', possible loss of data
          with
          [
              _Ty=unsigned int
          ]
R:\Labs8\КГ\Lab4\Lab\Lab\main.cpp(154,1): warning C4267: 'argument': conversion from 'size_t' to '_Ty', possible loss of data
          with
          [
              _Ty=unsigned int
          ]
R:\Labs8\КГ\Lab4\Lab\Lab\main.cpp(155,1): warning C4267: 'argument': conversion from 'size_t' to '_Ty', possible loss of data
          with
          [
              _Ty=unsigned int
          ]
R:\Labs8\КГ\Lab4\Lab\Lab\main.cpp(156,1): warning C4267: 'argument': conversion from 'size_t' to '_Ty', possible loss of data
          with
          [
              _Ty=unsigned int
          ]
R:\Labs8\КГ\Lab4\Lab\Lab\main.cpp(157,1): warning C4267: 'argument': conversion from 'size_t' to '_Ty', possible loss of data
          with
          [
              _Ty=unsigned int
          ]
R:\Labs8\КГ\Lab4\Lab\Lab\main.cpp(158,1): warning C4267: 'argument': conversion from 'size_t' to '_Ty', possible loss of data
          with
          [
              _Ty=unsigned int
          ]
R:\Labs8\КГ\Lab4\Lab\Lab\main.cpp(221,1): warning C4305: 'argument': truncation from 'double' to 'float'
R:\Labs8\КГ\Lab4\Lab\Lab\main.cpp(283,1): warning C4267: 'argument': conversion from 'size_t' to '_Ty', possible loss of data
          with
          [
              _Ty=unsigned int
          ]
R:\Labs8\КГ\Lab4\Lab\Lab\main.cpp(284,1): warning C4267: 'argument': conversion from 'size_t' to '_Ty', possible loss of data
          with
          [
              _Ty=unsigned int
          ]
R:\Labs8\КГ\Lab4\Lab\Lab\main.cpp(285,1): warning C4267: 'argument': conversion from 'size_t' to '_Ty', possible loss of data
          with
          [
              _Ty=unsigned int
          ]
R:\Labs8\КГ\Lab4\Lab\Lab\main.cpp(286,1): warning C4267: 'argument': conversion from 'size_t' to '_Ty', possible loss of data
          with
          [
              _Ty=unsigned int
          ]
R:\Labs8\КГ\Lab4\Lab\Lab\main.cpp(287,1): warning C4267: 'argument': conversion from 'size_t' to '_Ty', possible loss of data
          with
          [
              _Ty=unsigned int
          ]
R:\Labs8\КГ\Lab4\Lab\Lab\main.cpp(288,1): warning C4267: 'argument': conversion from 'size_t' to '_Ty', possible loss of data
          with
          [
              _Ty=unsigned int
          ]
MSVCRTD.lib(initializers.obj) : warning LNK4098: defaultlib 'msvcrt.lib' conflicts with use of other libs; use /NODEFAULTLIB:library
  Lab.vcxproj -> R:\Labs8\КГ\Lab4\Lab\x64\Debug\Lab.exe
