r:\labs8\кг\lab1\lab\lab\x64\debug\vc142.pdb
r:\labs8\кг\lab1\lab\lab\x64\debug\vc142.idb
r:\labs8\кг\lab1\lab\lab\x64\debug\lab.obj
r:\labs8\кг\lab2\lab\lab\x64\debug\vc142.pdb
r:\labs8\кг\lab2\lab\lab\x64\debug\vc142.idb
r:\labs8\кг\lab2\lab\lab\x64\debug\lineal.obj
r:\labs8\кг\lab2\lab\lab\x64\debug\lab.obj
r:\labs8\кг\lab2\lab\lab\x64\debug\glm.obj
r:\labs8\кг\lab3\lab\lab\x64\debug\vc142.pdb
r:\labs8\кг\lab3\lab\lab\x64\debug\vc142.idb
r:\labs8\кг\lab3\lab\lab\x64\debug\lab.obj
r:\labs8\кг\lab3\lab\lab\x64\debug\glm.obj
r:\labs8\кг\lab3\lab\lab\x64\debug\stb_image_aug.obj
r:\labs8\кг\lab3\lab\lab\x64\debug\soil.obj
r:\labs8\кг\lab3\lab\lab\x64\debug\stb_image-1.16.obj
r:\labs8\кг\lab3\lab\lab\x64\debug\stb_image-1.09.obj
r:\labs8\кг\lab3\lab\lab\x64\debug\image_helper.obj
r:\labs8\кг\lab3\lab\lab\x64\debug\image_dxt.obj
r:\labs8\кг\lab4\lab\lab\x64\debug\vc142.pdb
r:\labs8\кг\lab4\lab\lab\x64\debug\vc142.idb
r:\labs8\кг\lab4\lab\lab\x64\debug\lab.obj
r:\labs8\кг\lab4\lab\lab\x64\debug\glm.obj
r:\labs8\кг\lab4\lab\lab\x64\debug\tbezier.obj
r:\labs8\кг\lab1\lab\x64\debug\lab.exe
r:\labs8\кг\lab1\lab\x64\debug\lab.ilk
r:\labs8\кг\lab1\lab\x64\debug\lab.pdb
r:\labs8\кг\lab2\lab\x64\debug\lab.exe
r:\labs8\кг\lab2\lab\x64\debug\lab.ilk
r:\labs8\кг\lab2\lab\x64\debug\lab.pdb
r:\labs8\кг\lab3\lab\x64\debug\lab.exe
r:\labs8\кг\lab3\lab\x64\debug\lab.ilk
r:\labs8\кг\lab3\lab\x64\debug\lab.pdb
r:\labs8\кг\lab4\lab\x64\debug\lab.exe
r:\labs8\кг\lab4\lab\x64\debug\lab.ilk
r:\labs8\кг\lab4\lab\x64\debug\lab.pdb
r:\labs8\кг\lab4\lab\lab\x64\debug\image_dxt.obj
r:\labs8\кг\lab4\lab\lab\x64\debug\image_helper.obj
r:\labs8\кг\lab4\lab\lab\x64\debug\lineal.obj
r:\labs8\кг\lab4\lab\lab\x64\debug\soil.obj
r:\labs8\кг\lab4\lab\lab\x64\debug\stb_image-1.09.obj
r:\labs8\кг\lab4\lab\lab\x64\debug\stb_image-1.16.obj
r:\labs8\кг\lab4\lab\lab\x64\debug\stb_image_aug.obj
r:\labs8\кг\lab4\lab\lab\x64\debug\lab.tlog\cl.command.1.tlog
r:\labs8\кг\lab4\lab\lab\x64\debug\lab.tlog\cl.read.1.tlog
r:\labs8\кг\lab4\lab\lab\x64\debug\lab.tlog\cl.write.1.tlog
r:\labs8\кг\lab4\lab\lab\x64\debug\lab.tlog\link.command.1.tlog
r:\labs8\кг\lab4\lab\lab\x64\debug\lab.tlog\link.read.1.tlog
r:\labs8\кг\lab4\lab\lab\x64\debug\lab.tlog\link.write.1.tlog
